# JRE version: OpenJDK Runtime Environment (11.0.4+11) (build 11.0.4+11)
# Java VM: OpenJDK 64-Bit Server VM (11.0.4+11, mixed mode, tiered, compressed oops, g1 gc, linux-amd64)
Heap:
 garbage-first heap   total 490496K, used 808K [0x0000000085c00000, 0x0000000100000000)
  region size 1024K, 1 young (1024K), 1 survivors (1024K)
 Metaspace       used 5977K, capacity 6091K, committed 6272K, reserved 1056768K
  class space    used 501K, capacity 540K, committed 640K, reserved 1048576K
GC Heap History (10 events):
Event: 16.533 GC heap after
{Heap after GC invocations=38 (full 0):
 garbage-first heap   total 384000K, used 808K [0x0000000085c00000, 0x0000000100000000)
  region size 1024K, 1 young (1024K), 1 survivors (1024K)
 Metaspace       used 5977K, capacity 6091K, committed 6272K, reserved 1056768K
  class space    used 501K, capacity 540K, committed 640K, reserved 1048576K
}
Event: 16.619 GC heap before
{Heap before GC invocations=38 (full 0):
 garbage-first heap   total 384000K, used 230184K [0x0000000085c00000, 0x0000000100000000)
  region size 1024K, 225 young (230400K), 1 survivors (1024K)
 Metaspace       used 5977K, capacity 6091K, committed 6272K, reserved 1056768K
  class space    used 501K, capacity 540K, committed 640K, reserved 1048576K
}
Event: 16.626 GC heap after
{Heap after GC invocations=39 (full 0):
 garbage-first heap   total 384000K, used 808K [0x0000000085c00000, 0x0000000100000000)
  region size 1024K, 1 young (1024K), 1 survivors (1024K)
 Metaspace       used 5977K, capacity 6091K, committed 6272K, reserved 1056768K
  class space    used 501K, capacity 540K, committed 640K, reserved 1048576K
}
Event: 16.715 GC heap before
{Heap before GC invocations=39 (full 0):
 garbage-first heap   total 384000K, used 230184K [0x0000000085c00000, 0x0000000100000000)
  region size 1024K, 225 young (230400K), 1 survivors (1024K)
 Metaspace       used 5977K, capacity 6091K, committed 6272K, reserved 1056768K
  class space    used 501K, capacity 540K, committed 640K, reserved 1048576K
}
Event: 16.720 GC heap after
{Heap after GC invocations=40 (full 0):
 garbage-first heap   total 384000K, used 810K [0x0000000085c00000, 0x0000000100000000)
  region size 1024K, 1 young (1024K), 1 survivors (1024K)
 Metaspace       used 5977K, capacity 6091K, committed 6272K, reserved 1056768K
  class space    used 501K, capacity 540K, committed 640K, reserved 1048576K
}
Event: 16.804 GC heap before
{Heap before GC invocations=40 (full 0):
 garbage-first heap   total 384000K, used 230186K [0x0000000085c00000, 0x0000000100000000)
  region size 1024K, 225 young (230400K), 1 survivors (1024K)
 Metaspace       used 5977K, capacity 6091K, committed 6272K, reserved 1056768K
  class space    used 501K, capacity 540K, committed 640K, reserved 1048576K
}
Event: 16.810 GC heap after
{Heap after GC invocations=41 (full 0):
 garbage-first heap   total 384000K, used 812K [0x0000000085c00000, 0x0000000100000000)
  region size 1024K, 1 young (1024K), 1 survivors (1024K)
 Metaspace       used 5977K, capacity 6091K, committed 6272K, reserved 1056768K
  class space    used 501K, capacity 540K, committed 640K, reserved 1048576K
}
Event: 16.897 GC heap before
{Heap before GC invocations=41 (full 0):
 garbage-first heap   total 384000K, used 230188K [0x0000000085c00000, 0x0000000100000000)
  region size 1024K, 225 young (230400K), 1 survivors (1024K)
 Metaspace       used 5977K, capacity 6091K, committed 6272K, reserved 1056768K
  class space    used 501K, capacity 540K, committed 640K, reserved 1048576K
}
Event: 16.903 GC heap after
{Heap after GC invocations=42 (full 0):
 garbage-first heap   total 384000K, used 810K [0x0000000085c00000, 0x0000000100000000)
  region size 1024K, 1 young (1024K), 1 survivors (1024K)
 Metaspace       used 5977K, capacity 6091K, committed 6272K, reserved 1056768K
  class space    used 501K, capacity 540K, committed 640K, reserved 1048576K
}
Event: 16.995 GC heap before
{Heap before GC invocations=42 (full 0):
 garbage-first heap   total 384000K, used 230186K [0x0000000085c00000, 0x0000000100000000)
  region size 1024K, 225 young (230400K), 1 survivors (1024K)
 Metaspace       used 5977K, capacity 6091K, committed 6272K, reserved 1056768K
  class space    used 501K, capacity 540K, committed 640K, reserved 1048576K
}

